
**** Build of configuration Debug for project android_exe ****

make all 
Building file: ../src/gqandroidrecordsl.cpp
Invoking: Cross G++ Compiler
arm-linux-androideabi-g++ -D_DEBUG_ -I/home/q/Workspace/cmu_test_remote/android_exe/include -I/home/q/Workspace/cmu_test_remote/adsphinxbase/include/ -I/home/q/Workspace/cmu_test_remote/adpocketsphinx/include/ -I/home/q/Workspace/Andriod/NDK/platforms/android-9/arch-arm/usr/include -I/home/q/Workspace/Andriod/NDK/toolchains/arm-linux-androideabi-4.4.3/prebuilt/linux-x86/include -I/home/q/Workspace/Andriod/NDK/toolchains/arm-linux-androideabi-4.4.3/prebuilt/linux-x86/arm-linux-androideabi/include -I/home/q/Workspace/Andriod/NDK/toolchains/arm-linux-androideabi-4.4.3/prebuilt/linux-x86/lib/gcc/arm-linux-androideabi/4.4.3/include -I/home/q/Workspace/Andriod/NDK/toolchains/arm-linux-androideabi-4.4.3/prebuilt/linux-x86/lib/gcc/arm-linux-androideabi/4.4.3/include-fixed/ -I/home/q/Workspace/Andriod/NDK/sources/cxx-stl/stlport/stlport/ -O0 -g3 -Wall -c -fmessage-length=0 -Wa,-noexecstack -fno-exceptions -Wno-multichar -msoft-float -fpic -ffunction-sections -funwind-tables -fstack-protector  -Werror=format-security -fno-short-enums -march=armv7-a -mfloat-abi=softfp -mfpu=vfpv3-d16  -Wno-psabi -DANDROID -fno-rtti  -MD -fPIC -MMD -MP -MF"src/gqandroidrecordsl.d" -MT"src/gqandroidrecordsl.d" -o "src/gqandroidrecordsl.o" "../src/gqandroidrecordsl.cpp"
Finished building: ../src/gqandroidrecordsl.cpp
 
Building file: ../src/gqandroidsphinx.cpp
Invoking: Cross G++ Compiler
arm-linux-androideabi-g++ -D_DEBUG_ -I/home/q/Workspace/cmu_test_remote/android_exe/include -I/home/q/Workspace/cmu_test_remote/adsphinxbase/include/ -I/home/q/Workspace/cmu_test_remote/adpocketsphinx/include/ -I/home/q/Workspace/Andriod/NDK/platforms/android-9/arch-arm/usr/include -I/home/q/Workspace/Andriod/NDK/toolchains/arm-linux-androideabi-4.4.3/prebuilt/linux-x86/include -I/home/q/Workspace/Andriod/NDK/toolchains/arm-linux-androideabi-4.4.3/prebuilt/linux-x86/arm-linux-androideabi/include -I/home/q/Workspace/Andriod/NDK/toolchains/arm-linux-androideabi-4.4.3/prebuilt/linux-x86/lib/gcc/arm-linux-androideabi/4.4.3/include -I/home/q/Workspace/Andriod/NDK/toolchains/arm-linux-androideabi-4.4.3/prebuilt/linux-x86/lib/gcc/arm-linux-androideabi/4.4.3/include-fixed/ -I/home/q/Workspace/Andriod/NDK/sources/cxx-stl/stlport/stlport/ -O0 -g3 -Wall -c -fmessage-length=0 -Wa,-noexecstack -fno-exceptions -Wno-multichar -msoft-float -fpic -ffunction-sections -funwind-tables -fstack-protector  -Werror=format-security -fno-short-enums -march=armv7-a -mfloat-abi=softfp -mfpu=vfpv3-d16  -Wno-psabi -DANDROID -fno-rtti  -MD -fPIC -MMD -MP -MF"src/gqandroidsphinx.d" -MT"src/gqandroidsphinx.d" -o "src/gqandroidsphinx.o" "../src/gqandroidsphinx.cpp"
Finished building: ../src/gqandroidsphinx.cpp
 
Building file: ../src/gqrecordsl.cpp
Invoking: Cross G++ Compiler
arm-linux-androideabi-g++ -D_DEBUG_ -I/home/q/Workspace/cmu_test_remote/android_exe/include -I/home/q/Workspace/cmu_test_remote/adsphinxbase/include/ -I/home/q/Workspace/cmu_test_remote/adpocketsphinx/include/ -I/home/q/Workspace/Andriod/NDK/platforms/android-9/arch-arm/usr/include -I/home/q/Workspace/Andriod/NDK/toolchains/arm-linux-androideabi-4.4.3/prebuilt/linux-x86/include -I/home/q/Workspace/Andriod/NDK/toolchains/arm-linux-androideabi-4.4.3/prebuilt/linux-x86/arm-linux-androideabi/include -I/home/q/Workspace/Andriod/NDK/toolchains/arm-linux-androideabi-4.4.3/prebuilt/linux-x86/lib/gcc/arm-linux-androideabi/4.4.3/include -I/home/q/Workspace/Andriod/NDK/toolchains/arm-linux-androideabi-4.4.3/prebuilt/linux-x86/lib/gcc/arm-linux-androideabi/4.4.3/include-fixed/ -I/home/q/Workspace/Andriod/NDK/sources/cxx-stl/stlport/stlport/ -O0 -g3 -Wall -c -fmessage-length=0 -Wa,-noexecstack -fno-exceptions -Wno-multichar -msoft-float -fpic -ffunction-sections -funwind-tables -fstack-protector  -Werror=format-security -fno-short-enums -march=armv7-a -mfloat-abi=softfp -mfpu=vfpv3-d16  -Wno-psabi -DANDROID -fno-rtti  -MD -fPIC -MMD -MP -MF"src/gqrecordsl.d" -MT"src/gqrecordsl.d" -o "src/gqrecordsl.o" "../src/gqrecordsl.cpp"
Finished building: ../src/gqrecordsl.cpp
 
Building file: ../src/main.cpp
Invoking: Cross G++ Compiler
arm-linux-androideabi-g++ -D_DEBUG_ -I/home/q/Workspace/cmu_test_remote/android_exe/include -I/home/q/Workspace/cmu_test_remote/adsphinxbase/include/ -I/home/q/Workspace/cmu_test_remote/adpocketsphinx/include/ -I/home/q/Workspace/Andriod/NDK/platforms/android-9/arch-arm/usr/include -I/home/q/Workspace/Andriod/NDK/toolchains/arm-linux-androideabi-4.4.3/prebuilt/linux-x86/include -I/home/q/Workspace/Andriod/NDK/toolchains/arm-linux-androideabi-4.4.3/prebuilt/linux-x86/arm-linux-androideabi/include -I/home/q/Workspace/Andriod/NDK/toolchains/arm-linux-androideabi-4.4.3/prebuilt/linux-x86/lib/gcc/arm-linux-androideabi/4.4.3/include -I/home/q/Workspace/Andriod/NDK/toolchains/arm-linux-androideabi-4.4.3/prebuilt/linux-x86/lib/gcc/arm-linux-androideabi/4.4.3/include-fixed/ -I/home/q/Workspace/Andriod/NDK/sources/cxx-stl/stlport/stlport/ -O0 -g3 -Wall -c -fmessage-length=0 -Wa,-noexecstack -fno-exceptions -Wno-multichar -msoft-float -fpic -ffunction-sections -funwind-tables -fstack-protector  -Werror=format-security -fno-short-enums -march=armv7-a -mfloat-abi=softfp -mfpu=vfpv3-d16  -Wno-psabi -DANDROID -fno-rtti  -MD -fPIC -MMD -MP -MF"src/main.d" -MT"src/main.d" -o "src/main.o" "../src/main.cpp"
Finished building: ../src/main.cpp
 
Building target: android_exe
Invoking: Cross G++ Linker
arm-linux-androideabi-g++ -nostdlib -L/home/q/Workspace/Andriod/NDK/platforms/android-9/arch-arm/usr/lib -L/home/q/Downloads/android_bak/NDK/sources/cxx-stl/stlport/libs/armeabi-v7a -L/home/q/Workspace/cmu_test_remote/adsphinxbase/Debug -L/home/q/Workspace/cmu_test_remote/adpocketsphinx/Debug -Xlinker -R./ -Xlinker -R/data/data/testdir -Xlinker -R/home/q/Workspace/cmu_test_remote/adsphinxbase/Debug -Xlinker -R/home/q/Workspace/cmu_test_remote/adpocketsphinx/Debug -Xlinker -R/home/q/Workspace/Andriod/NDK/platforms/android-9/arch-arm/usr/lib -o "android_exe"  ./src/gqandroidrecordsl.o ./src/gqandroidsphinx.o ./src/gqrecordsl.o ./src/main.o  /home/q/Workspace/Andriod/NDK/platforms/android-9/arch-arm/usr/lib/crtbegin_dynamic.o /home/q/Workspace/Andriod/NDK/platforms/android-9/arch-arm/usr/lib/crtend_android.o  -lc -lm -llog -lstdc++ -lstlport -lOpenSLES -ladsphinxbase -ladpocketsphinx
Finished building target: android_exe
 

**** Build Finished ****
